<?xml version="1.0" encoding="UTF-8"?>
<testng-results ignored="0" total="1" passed="1" failed="0" skipped="0">
  <reporter-output>
  </reporter-output>
  <suite started-at="2022-08-02T13:50:32 IST" name="Default suite" finished-at="2022-08-02T13:51:06 IST" duration-ms="33779">
    <groups>
    </groups>
    <test started-at="2022-08-02T13:50:32 IST" name="Default test" finished-at="2022-08-02T13:51:06 IST" duration-ms="33779">
      <class name="com.github.MT">
        <test-method is-config="true" signature="openBrowser()[pri:0, instance:com.github.MT@31e5415e]" started-at="2022-08-02T13:50:26 IST" name="openBrowser" finished-at="2022-08-02T13:50:32 IST" duration-ms="6294" status="PASS">
          <reporter-output>
          </reporter-output>
        </test-method> <!-- openBrowser -->
        <test-method is-config="true" signature="enterUrl()[pri:0, instance:com.github.MT@31e5415e]" started-at="2022-08-02T13:50:32 IST" name="enterUrl" finished-at="2022-08-02T13:51:01 IST" duration-ms="29160" status="PASS">
          <reporter-output>
          </reporter-output>
        </test-method> <!-- enterUrl -->
        <test-method is-config="true" signature="maximize()[pri:0, instance:com.github.MT@31e5415e]" started-at="2022-08-02T13:51:01 IST" name="maximize" finished-at="2022-08-02T13:51:01 IST" duration-ms="141" status="PASS">
          <reporter-output>
          </reporter-output>
        </test-method> <!-- maximize -->
        <test-method is-config="true" signature="getCookies()[pri:0, instance:com.github.MT@31e5415e]" started-at="2022-08-02T13:51:01 IST" name="getCookies" finished-at="2022-08-02T13:51:01 IST" duration-ms="56" status="PASS">
          <reporter-output>
          </reporter-output>
        </test-method> <!-- getCookies -->
        <test-method signature="logincheck()[pri:0, instance:com.github.MT@31e5415e]" started-at="2022-08-02T13:51:01 IST" name="logincheck" finished-at="2022-08-02T13:51:05 IST" duration-ms="4120" status="PASS">
          <reporter-output>
          </reporter-output>
        </test-method> <!-- logincheck -->
        <test-method is-config="true" signature="captureSc()[pri:0, instance:com.github.MT@31e5415e]" started-at="2022-08-02T13:51:05 IST" name="captureSc" finished-at="2022-08-02T13:51:06 IST" duration-ms="246" status="PASS">
          <reporter-output>
          </reporter-output>
        </test-method> <!-- captureSc -->
        <test-method is-config="true" signature="deleteCookies()[pri:0, instance:com.github.MT@31e5415e]" started-at="2022-08-02T13:51:06 IST" name="deleteCookies" finished-at="2022-08-02T13:51:06 IST" duration-ms="0" status="PASS">
          <reporter-output>
          </reporter-output>
        </test-method> <!-- deleteCookies -->
        <test-method is-config="true" signature="dbclose()[pri:0, instance:com.github.MT@31e5415e]" started-at="2022-08-02T13:51:06 IST" name="dbclose" finished-at="2022-08-02T13:51:06 IST" duration-ms="0" status="PASS">
          <reporter-output>
          </reporter-output>
        </test-method> <!-- dbclose -->
        <test-method is-config="true" signature="closebrowser()[pri:0, instance:com.github.MT@31e5415e]" started-at="2022-08-02T13:51:06 IST" name="closebrowser" finished-at="2022-08-02T13:51:06 IST" duration-ms="0" status="PASS">
          <reporter-output>
          </reporter-output>
        </test-method> <!-- closebrowser -->
      </class> <!-- com.github.MT -->
    </test> <!-- Default test -->
  </suite> <!-- Default suite -->
</testng-results>
